This file contains any messages produced by compilers while
running configure, to aid debugging if configure makes a mistake.

It was created by configure, which was
generated by GNU Autoconf 2.71.  Invocation command line was

  $ ./configure --with-optimize --prefix=/Users/ab25cq

## --------- ##
## Platform. ##
## --------- ##

hostname = DaisukenoMacBook-ea.local
uname -m = x86_64
uname -r = 20.5.0
uname -s = Darwin
uname -v = Darwin Kernel Version 20.5.0: Sat May  8 05:10:33 PDT 2021; root:xnu-7195.121.3~9/RELEASE_X86_64

/usr/bin/uname -p = i386
/bin/uname -X     = unknown

/bin/arch              = unknown
/usr/bin/arch -k       = unknown
/usr/convex/getsysinfo = unknown
/usr/bin/hostinfo      = Mach kernel version:
	 Darwin Kernel Version 20.5.0: Sat May  8 05:10:33 PDT 2021; root:xnu-7195.121.3~9/RELEASE_X86_64
Kernel configured for up to 4 processors.
2 processors are physically available.
4 processors are logically available.
Processor type: x86_64h (Intel x86-64h Haswell)
Processors active: 0 1 2 3
Primary memory available: 8.00 gigabytes
Default processor set: 498 tasks, 1565 threads, 4 processors
Load average: 1.32, Mach factor: 2.66
/bin/machine           = unknown
/usr/bin/oslevel       = unknown
/bin/universe          = unknown

PATH: /usr/local/bin/
PATH: /usr/bin/
PATH: /bin/
PATH: /usr/sbin/
PATH: /sbin/
PATH: /Library/Apple/usr/bin/
PATH: /usr/local/opt/llvm/bin/
PATH: /usr/local/opt/llvm/bin/


## ----------- ##
## Core tests. ##
## ----------- ##

configure:2275: looking for aux files: install-sh
configure:2288:  trying ./
configure:2302:   ./install.sh found
configure:2494: checking for gcc
configure:2515: found /usr/bin/gcc
configure:2526: result: gcc
configure:2879: checking for C compiler version
configure:2888: gcc --version >&5
Apple clang version 12.0.5 (clang-1205.0.22.9)
Target: x86_64-apple-darwin20.5.0
Thread model: posix
InstalledDir: /Applications/Xcode.app/Contents/Developer/Toolchains/XcodeDefault.xctoolchain/usr/bin
Configured with: --prefix=/Applications/Xcode.app/Contents/Developer/usr --with-gxx-include-dir=/Applications/Xcode.app/Contents/Developer/Platforms/MacOSX.platform/Developer/SDKs/MacOSX.sdk/usr/include/c++/4.2.1
configure:2899: $? = 0
configure:2888: gcc -v >&5
Configured with: --prefix=/Applications/Xcode.app/Contents/Developer/usr --with-gxx-include-dir=/Applications/Xcode.app/Contents/Developer/Platforms/MacOSX.platform/Developer/SDKs/MacOSX.sdk/usr/include/c++/4.2.1
Apple clang version 12.0.5 (clang-1205.0.22.9)
Target: x86_64-apple-darwin20.5.0
Thread model: posix
InstalledDir: /Applications/Xcode.app/Contents/Developer/Toolchains/XcodeDefault.xctoolchain/usr/bin
configure:2899: $? = 0
configure:2888: gcc -V >&5
clang: error: argument to '-V' is missing (expected 1 value)
clang: error: no input files
configure:2899: $? = 1
configure:2888: gcc -qversion >&5
clang: error: unknown argument '-qversion'; did you mean '--version'?
clang: error: no input files
configure:2899: $? = 1
configure:2888: gcc -version >&5
clang: error: unknown argument '-version'; did you mean '--version'?
clang: error: no input files
configure:2899: $? = 1
configure:2919: checking whether the C compiler works
configure:2941: gcc    conftest.c  >&5
configure:2945: $? = 0
configure:2995: result: yes
configure:2998: checking for C compiler default output file name
configure:3000: result: a.out
configure:3006: checking for suffix of executables
configure:3013: gcc -o conftest    conftest.c  >&5
configure:3017: $? = 0
configure:3040: result: 
configure:3062: checking whether we are cross compiling
configure:3070: gcc -o conftest    conftest.c  >&5
configure:3074: $? = 0
configure:3081: ./conftest
configure:3085: $? = 0
configure:3100: result: no
configure:3105: checking for suffix of object files
configure:3128: gcc -c   conftest.c >&5
configure:3132: $? = 0
configure:3154: result: o
configure:3158: checking whether the compiler supports GNU C
configure:3178: gcc -c   conftest.c >&5
configure:3178: $? = 0
configure:3188: result: yes
configure:3199: checking whether gcc accepts -g
configure:3220: gcc -c -g  conftest.c >&5
configure:3220: $? = 0
configure:3264: result: yes
configure:3284: checking for gcc option to enable C11 features
configure:3299: gcc  -c -g -O2  conftest.c >&5
configure:3299: $? = 0
configure:3317: result: none needed
configure:3443: checking for a BSD-compatible install
configure:3516: result: /usr/bin/install -c
configure:3532: checking for stdio.h
configure:3532: gcc -c -g -O2  conftest.c >&5
configure:3532: $? = 0
configure:3532: result: yes
configure:3532: checking for stdlib.h
configure:3532: gcc -c -g -O2  conftest.c >&5
configure:3532: $? = 0
configure:3532: result: yes
configure:3532: checking for string.h
configure:3532: gcc -c -g -O2  conftest.c >&5
configure:3532: $? = 0
configure:3532: result: yes
configure:3532: checking for inttypes.h
configure:3532: gcc -c -g -O2  conftest.c >&5
configure:3532: $? = 0
configure:3532: result: yes
configure:3532: checking for stdint.h
configure:3532: gcc -c -g -O2  conftest.c >&5
configure:3532: $? = 0
configure:3532: result: yes
configure:3532: checking for strings.h
configure:3532: gcc -c -g -O2  conftest.c >&5
configure:3532: $? = 0
configure:3532: result: yes
configure:3532: checking for sys/stat.h
configure:3532: gcc -c -g -O2  conftest.c >&5
configure:3532: $? = 0
configure:3532: result: yes
configure:3532: checking for sys/types.h
configure:3532: gcc -c -g -O2  conftest.c >&5
configure:3532: $? = 0
configure:3532: result: yes
configure:3532: checking for unistd.h
configure:3532: gcc -c -g -O2  conftest.c >&5
configure:3532: $? = 0
configure:3532: result: yes
configure:3557: checking whether byte ordering is bigendian
configure:3573: gcc -c -g -O2  conftest.c >&5
configure:3573: $? = 0
configure:3619: gcc -c -g -O2  conftest.c >&5
configure:3619: $? = 0
configure:3638: gcc -c -g -O2  conftest.c >&5
conftest.c:26:4: error: use of undeclared identifier 'not'
                 not big endian
                 ^
1 error generated.
configure:3638: $? = 1
configure: failed program was:
| /* confdefs.h */
| #define PACKAGE_NAME ""
| #define PACKAGE_TARNAME ""
| #define PACKAGE_VERSION ""
| #define PACKAGE_STRING ""
| #define PACKAGE_BUGREPORT ""
| #define PACKAGE_URL ""
| #define HAVE_STDIO_H 1
| #define HAVE_STDLIB_H 1
| #define HAVE_STRING_H 1
| #define HAVE_INTTYPES_H 1
| #define HAVE_STDINT_H 1
| #define HAVE_STRINGS_H 1
| #define HAVE_SYS_STAT_H 1
| #define HAVE_SYS_TYPES_H 1
| #define HAVE_UNISTD_H 1
| #define STDC_HEADERS 1
| /* end confdefs.h.  */
| #include <sys/types.h>
| 		#include <sys/param.h>
| 
| int
| main (void)
| {
| #if BYTE_ORDER != BIG_ENDIAN
| 		 not big endian
| 		#endif
| 
|   ;
|   return 0;
| }
configure:3772: result: no
configure:3823: checking CPU type
configure:3904: checking Operating System
configure:4090: checking for main in -ldl
configure:4110: clang -o conftest -Isrc/ -I. -I/Users/ab25cq/include -I /Applications/Xcode.app/Contents/Developer/Platforms/MacOSX.platform/Developer/SDKs/MacOSX.sdk/usr/include -DPREFIX="\"${DESTDIR}/\"" -fPIC -L/usr/local/opt/llvm/lib -I/usr/local/opt/llvm/include  -I/usr/local/include -O3   conftest.c -ldl   >&5
configure:4110: $? = 0
configure:4120: result: yes
configure:4130: checking for math.h
configure:4130: clang -c -Isrc/ -I. -I/Users/ab25cq/include -I /Applications/Xcode.app/Contents/Developer/Platforms/MacOSX.platform/Developer/SDKs/MacOSX.sdk/usr/include -DPREFIX="\"${DESTDIR}/\"" -fPIC -L/usr/local/opt/llvm/lib -I/usr/local/opt/llvm/include  -I/usr/local/include -O3  conftest.c >&5
clang: warning: argument unused during compilation: '-L/usr/local/opt/llvm/lib' [-Wunused-command-line-argument]
configure:4130: $? = 0
configure:4130: result: yes
configure:4137: checking for main in -lm
configure:4157: clang -o conftest -Isrc/ -I. -I/Users/ab25cq/include -I /Applications/Xcode.app/Contents/Developer/Platforms/MacOSX.platform/Developer/SDKs/MacOSX.sdk/usr/include -DPREFIX="\"${DESTDIR}/\"" -fPIC -L/usr/local/opt/llvm/lib -I/usr/local/opt/llvm/include  -I/usr/local/include -O3   conftest.c -lm   -ldl >&5
configure:4157: $? = 0
configure:4167: result: yes
configure:4175: checking for iconv.h
configure:4175: clang -c -Isrc/ -I. -I/Users/ab25cq/include -I /Applications/Xcode.app/Contents/Developer/Platforms/MacOSX.platform/Developer/SDKs/MacOSX.sdk/usr/include -DPREFIX="\"${DESTDIR}/\"" -fPIC -L/usr/local/opt/llvm/lib -I/usr/local/opt/llvm/include  -I/usr/local/include -O3  conftest.c >&5
clang: warning: argument unused during compilation: '-L/usr/local/opt/llvm/lib' [-Wunused-command-line-argument]
configure:4175: $? = 0
configure:4175: result: yes
configure:4191: checking for main in -lrt
configure:4211: clang -o conftest -Isrc/ -I. -I/Users/ab25cq/include -I /Applications/Xcode.app/Contents/Developer/Platforms/MacOSX.platform/Developer/SDKs/MacOSX.sdk/usr/include -DPREFIX="\"${DESTDIR}/\"" -fPIC -L/usr/local/opt/llvm/lib -I/usr/local/opt/llvm/include  -I/usr/local/include -O3   conftest.c -lrt   -ldl -lm -liconv >&5
ld: library not found for -lrt
clang: error: linker command failed with exit code 1 (use -v to see invocation)
configure:4211: $? = 1
configure: failed program was:
| /* confdefs.h */
| #define PACKAGE_NAME ""
| #define PACKAGE_TARNAME ""
| #define PACKAGE_VERSION ""
| #define PACKAGE_STRING ""
| #define PACKAGE_BUGREPORT ""
| #define PACKAGE_URL ""
| #define HAVE_STDIO_H 1
| #define HAVE_STDLIB_H 1
| #define HAVE_STRING_H 1
| #define HAVE_INTTYPES_H 1
| #define HAVE_STDINT_H 1
| #define HAVE_STRINGS_H 1
| #define HAVE_SYS_STAT_H 1
| #define HAVE_SYS_TYPES_H 1
| #define HAVE_UNISTD_H 1
| #define STDC_HEADERS 1
| #define __X86_64_CPU__ 1
| #define __64BIT_CPU__ 1
| #define __DARWIN__ 1
| #define HAVE_MATH_H 1
| #define HAVE_ICONV_H 1
| /* end confdefs.h.  */
| 
| 
| int
| main (void)
| {
| return main ();
|   ;
|   return 0;
| }
configure:4221: result: no
configure:4263: checking for lchmod
configure:4263: clang -o conftest -Isrc/ -I. -I/Users/ab25cq/include -I /Applications/Xcode.app/Contents/Developer/Platforms/MacOSX.platform/Developer/SDKs/MacOSX.sdk/usr/include -DPREFIX="\"${DESTDIR}/\"" -fPIC -L/usr/local/opt/llvm/lib -I/usr/local/opt/llvm/include  -I/usr/local/include -O3   conftest.c  -ldl -lm -liconv >&5
configure:4263: $? = 0
configure:4263: result: yes
configure:4304: checking for execvpe
configure:4304: clang -o conftest -I/usr/local/Cellar/llvm/12.0.0_1/include  -D__STDC_CONSTANT_MACROS -D__STDC_FORMAT_MACROS -D__STDC_LIMIT_MACROS  -Isrc/ -I. -I/Users/ab25cq/include -I /Applications/Xcode.app/Contents/Developer/Platforms/MacOSX.platform/Developer/SDKs/MacOSX.sdk/usr/include -DPREFIX="\"${DESTDIR}/\"" -fPIC -L/usr/local/opt/llvm/lib -I/usr/local/opt/llvm/include  -I/usr/local/include -O3 -DLLVM_VERSION=12   conftest.c  -ldl -lm -liconv >&5
Undefined symbols for architecture x86_64:
  "_execvpe", referenced from:
      _main in conftest-5187cb.o
ld: symbol(s) not found for architecture x86_64
clang: error: linker command failed with exit code 1 (use -v to see invocation)
configure:4304: $? = 1
configure: failed program was:
| /* confdefs.h */
| #define PACKAGE_NAME ""
| #define PACKAGE_TARNAME ""
| #define PACKAGE_VERSION ""
| #define PACKAGE_STRING ""
| #define PACKAGE_BUGREPORT ""
| #define PACKAGE_URL ""
| #define HAVE_STDIO_H 1
| #define HAVE_STDLIB_H 1
| #define HAVE_STRING_H 1
| #define HAVE_INTTYPES_H 1
| #define HAVE_STDINT_H 1
| #define HAVE_STRINGS_H 1
| #define HAVE_SYS_STAT_H 1
| #define HAVE_SYS_TYPES_H 1
| #define HAVE_UNISTD_H 1
| #define STDC_HEADERS 1
| #define __X86_64_CPU__ 1
| #define __64BIT_CPU__ 1
| #define __DARWIN__ 1
| #define HAVE_MATH_H 1
| #define HAVE_ICONV_H 1
| #define HAVE_LCHMOD 1
| /* end confdefs.h.  */
| /* Define execvpe to an innocuous variant, in case <limits.h> declares execvpe.
|    For example, HP-UX 11i <limits.h> declares gettimeofday.  */
| #define execvpe innocuous_execvpe
| 
| /* System header to define __stub macros and hopefully few prototypes,
|    which can conflict with char execvpe (); below.  */
| 
| #include <limits.h>
| #undef execvpe
| 
| /* Override any GCC internal prototype to avoid an error.
|    Use char because int might match the return type of a GCC
|    builtin and then its argument prototype would still apply.  */
| #ifdef __cplusplus
| extern "C"
| #endif
| char execvpe ();
| /* The GNU C library defines this for functions which it implements
|     to always fail with ENOSYS.  Some functions are actually named
|     something starting with __ and the normal name is an alias.  */
| #if defined __stub_execvpe || defined __stub___execvpe
| choke me
| #endif
| 
| int
| main (void)
| {
| return execvpe ();
|   ;
|   return 0;
| }
configure:4304: result: no
configure:4431: creating ./config.status

## ---------------------- ##
## Running config.status. ##
## ---------------------- ##

This file was extended by config.status, which was
generated by GNU Autoconf 2.71.  Invocation command line was

  CONFIG_FILES    = 
  CONFIG_HEADERS  = 
  CONFIG_LINKS    = 
  CONFIG_COMMANDS = 
  $ ./config.status 

on DaisukenoMacBook-ea.local

config.status:808: creating Makefile
config.status:808: creating config.h
config.status:983: config.h is unchanged

## ---------------- ##
## Cache variables. ##
## ---------------- ##

ac_cv_c_bigendian=no
ac_cv_c_compiler_gnu=yes
ac_cv_env_CC_set=
ac_cv_env_CC_value=
ac_cv_env_CFLAGS_set=
ac_cv_env_CFLAGS_value=
ac_cv_env_CPPFLAGS_set=
ac_cv_env_CPPFLAGS_value=
ac_cv_env_LDFLAGS_set=
ac_cv_env_LDFLAGS_value=
ac_cv_env_LIBS_set=
ac_cv_env_LIBS_value=
ac_cv_env_build_alias_set=
ac_cv_env_build_alias_value=
ac_cv_env_host_alias_set=
ac_cv_env_host_alias_value=
ac_cv_env_target_alias_set=
ac_cv_env_target_alias_value=
ac_cv_func_execvpe=no
ac_cv_func_lchmod=yes
ac_cv_header_iconv_h=yes
ac_cv_header_inttypes_h=yes
ac_cv_header_math_h=yes
ac_cv_header_stdint_h=yes
ac_cv_header_stdio_h=yes
ac_cv_header_stdlib_h=yes
ac_cv_header_string_h=yes
ac_cv_header_strings_h=yes
ac_cv_header_sys_stat_h=yes
ac_cv_header_sys_types_h=yes
ac_cv_header_unistd_h=yes
ac_cv_lib_dl=ac_cv_lib_dl_main
ac_cv_lib_dl_main=yes
ac_cv_lib_m=ac_cv_lib_m_main
ac_cv_lib_m_main=yes
ac_cv_lib_rt=ac_cv_lib_rt_main
ac_cv_lib_rt_main=no
ac_cv_objext=o
ac_cv_path_install='/usr/bin/install -c'
ac_cv_prog_ac_ct_CC=gcc
ac_cv_prog_cc_c11=
ac_cv_prog_cc_g=yes
ac_cv_prog_cc_stdc=

## ----------------- ##
## Output variables. ##
## ----------------- ##

CC='clang'
CFLAGS='-I/usr/local/Cellar/llvm/12.0.0_1/include  -D__STDC_CONSTANT_MACROS -D__STDC_FORMAT_MACROS -D__STDC_LIMIT_MACROS  -Isrc/ -I. -I/Users/ab25cq/include -I /Applications/Xcode.app/Contents/Developer/Platforms/MacOSX.platform/Developer/SDKs/MacOSX.sdk/usr/include -DPREFIX="\"${DESTDIR}/\"" -fPIC -L/usr/local/opt/llvm/lib -I/usr/local/opt/llvm/include  -I/usr/local/include -O3 -DLLVM_VERSION=12'
CPPFLAGS=''
CXX='g++'
CXXFLAGS='-I/usr/local/Cellar/llvm/12.0.0_1/include -std=c++14 -stdlib=libc++   -D__STDC_CONSTANT_MACROS -D__STDC_FORMAT_MACROS -D__STDC_LIMIT_MACROS -L/usr/local/Cellar/llvm/12.0.0_1/lib -Wl,-search_paths_first -Wl,-headerpad_max_install_names -lLLVM-12   -O3 -I . -I src -DPREFIX="\"${DESTDIR}/\" -L/usr/local/lib"'
DEFS='-DHAVE_CONFIG_H'
DESTDIR='/Users/ab25cq'
ECHO_C='\c'
ECHO_N=''
ECHO_T=''
EXEEXT=''
INSTALL_DATA='${INSTALL} -m 644'
INSTALL_PROGRAM='${INSTALL}'
INSTALL_SCRIPT='${INSTALL}'
LDFLAGS=''
LIBOBJS=''
LIBS=' -ldl -lm -liconv'
LTLIBOBJS=''
OBJEXT='o'
OBJS='src/parser.o src/alignment.o src/buffer.o src/xfunc.o src/node.o src/node_function.o src/node_function2.o src/node_compile.o src/node_loop.o src/node_op.o src/node_value.o src/node_var.o src/vtable.o src/node_type.o src/klass.o src/constant.o src/node_block.o src/typedef.o src/compiler.o'
OS='DARWIN'
PACKAGE_BUGREPORT=''
PACKAGE_NAME=''
PACKAGE_STRING=''
PACKAGE_TARNAME=''
PACKAGE_URL=''
PACKAGE_VERSION=''
PATH_SEPARATOR=':'
SHELL='/bin/sh'
ac_ct_CC='gcc'
bindir='${exec_prefix}/bin'
build_alias=''
datadir='${datarootdir}'
datarootdir='${prefix}/share'
docdir='${datarootdir}/doc/${PACKAGE}'
dvidir='${docdir}'
exec_prefix='${prefix}'
host_alias=''
htmldir='${docdir}'
includedir='${prefix}/include'
infodir='${datarootdir}/info'
libdir='${exec_prefix}/lib'
libexecdir='${exec_prefix}/libexec'
localedir='${datarootdir}/locale'
localstatedir='${prefix}/var'
mandir='${datarootdir}/man'
oldincludedir='/usr/include'
pdfdir='${docdir}'
prefix='/Users/ab25cq'
program_transform_name='s,x,x,'
psdir='${docdir}'
runstatedir='${localstatedir}/run'
sbindir='${exec_prefix}/sbin'
sharedstatedir='${prefix}/com'
sysconfdir='${prefix}/etc'
target_alias=''

## ----------- ##
## confdefs.h. ##
## ----------- ##

/* confdefs.h */
#define PACKAGE_NAME ""
#define PACKAGE_TARNAME ""
#define PACKAGE_VERSION ""
#define PACKAGE_STRING ""
#define PACKAGE_BUGREPORT ""
#define PACKAGE_URL ""
#define HAVE_STDIO_H 1
#define HAVE_STDLIB_H 1
#define HAVE_STRING_H 1
#define HAVE_INTTYPES_H 1
#define HAVE_STDINT_H 1
#define HAVE_STRINGS_H 1
#define HAVE_SYS_STAT_H 1
#define HAVE_SYS_TYPES_H 1
#define HAVE_UNISTD_H 1
#define STDC_HEADERS 1
#define __X86_64_CPU__ 1
#define __64BIT_CPU__ 1
#define __DARWIN__ 1
#define HAVE_MATH_H 1
#define HAVE_ICONV_H 1
#define HAVE_LCHMOD 1

configure: exit 0
