This file contains any messages produced by compilers while
running configure, to aid debugging if configure makes a mistake.

It was created by configure, which was
generated by GNU Autoconf 2.69.  Invocation command line was

  $ ./configure --with-debug

## --------- ##
## Platform. ##
## --------- ##

hostname = localhost
uname -m = aarch64
uname -r = 4.14.117-perf-g0f2347b
uname -s = Linux
uname -v = #1 SMP PREEMPT Wed Apr 14 00:56:01 CST 2021

/usr/bin/uname -p = unknown
/bin/uname -X     = unknown

/bin/arch              = aarch64
/usr/bin/arch -k       = unknown
/usr/convex/getsysinfo = unknown
/usr/bin/hostinfo      = unknown
/bin/machine           = unknown
/usr/bin/oslevel       = unknown
/bin/universe          = unknown

PATH: /usr/local/sbin
PATH: /usr/local/bin
PATH: /usr/sbin
PATH: /usr/bin
PATH: /sbin
PATH: /bin
PATH: /usr/games
PATH: /usr/local/games


## ----------- ##
## Core tests. ##
## ----------- ##

configure:2156: checking for gcc
configure:2172: found /usr/bin/gcc
configure:2183: result: gcc
configure:2412: checking for C compiler version
configure:2421: gcc --version >&5
gcc (Alpine 10.3.1_git20211027) 10.3.1 20211027
Copyright (C) 2020 Free Software Foundation, Inc.
This is free software; see the source for copying conditions.  There is NO
warranty; not even for MERCHANTABILITY or FITNESS FOR A PARTICULAR PURPOSE.

configure:2432: $? = 0
configure:2421: gcc -v >&5
Using built-in specs.
COLLECT_GCC=gcc
COLLECT_LTO_WRAPPER=/usr/libexec/gcc/aarch64-alpine-linux-musl/10.3.1/lto-wrapper
Target: aarch64-alpine-linux-musl
Configured with: /home/buildozer/aports/main/gcc/src/gcc-10.3.1_git20211027/configure --prefix=/usr --mandir=/usr/share/man --infodir=/usr/share/info --build=aarch64-alpine-linux-musl --host=aarch64-alpine-linux-musl --target=aarch64-alpine-linux-musl --with-pkgversion='Alpine 10.3.1_git20211027' --enable-checking=release --disable-fixed-point --disable-libstdcxx-pch --disable-multilib --disable-nls --disable-werror --disable-symvers --enable-__cxa_atexit --enable-default-pie --enable-default-ssp --enable-cloog-backend --enable-languages=c,c++,d,objc,go,fortran,ada --with-arch=armv8-a --with-abi=lp64 --disable-libquadmath --disable-libssp --disable-libmpx --disable-libmudflap --disable-libsanitizer --enable-shared --enable-threads --enable-tls --with-system-zlib --with-linker-hash-style=gnu
Thread model: posix
Supported LTO compression algorithms: zlib
gcc version 10.3.1 20211027 (Alpine 10.3.1_git20211027) 
configure:2432: $? = 0
configure:2421: gcc -V >&5
gcc: error: unrecognized command-line option '-V'
gcc: fatal error: no input files
compilation terminated.
configure:2432: $? = 1
configure:2421: gcc -qversion >&5
gcc: error: unrecognized command-line option '-qversion'; did you mean '--version'?
gcc: fatal error: no input files
compilation terminated.
configure:2432: $? = 1
configure:2452: checking whether the C compiler works
configure:2474: gcc    conftest.c  >&5
configure:2478: $? = 0
configure:2526: result: yes
configure:2529: checking for C compiler default output file name
configure:2531: result: a.out
configure:2537: checking for suffix of executables
configure:2544: gcc -o conftest    conftest.c  >&5
configure:2548: $? = 0
configure:2570: result: 
configure:2592: checking whether we are cross compiling
configure:2600: gcc -o conftest    conftest.c  >&5
configure:2604: $? = 0
configure:2611: ./conftest
configure:2615: $? = 0
configure:2630: result: no
configure:2635: checking for suffix of object files
configure:2657: gcc -c   conftest.c >&5
configure:2661: $? = 0
configure:2682: result: o
configure:2686: checking whether we are using the GNU C compiler
configure:2705: gcc -c   conftest.c >&5
configure:2705: $? = 0
configure:2714: result: yes
configure:2723: checking whether gcc accepts -g
configure:2743: gcc -c -g  conftest.c >&5
configure:2743: $? = 0
configure:2784: result: yes
configure:2801: checking for gcc option to accept ISO C89
configure:2864: gcc  -c -g -O2  conftest.c >&5
configure:2864: $? = 0
configure:2877: result: none needed
configure:2940: checking for a BSD-compatible install
configure:3008: result: /usr/bin/install -c
configure:3025: checking how to run the C preprocessor
configure:3056: gcc -E  conftest.c
configure:3056: $? = 0
configure:3070: gcc -E  conftest.c
conftest.c:9:10: fatal error: ac_nonexistent.h: No such file or directory
    9 | #include <ac_nonexistent.h>
      |          ^~~~~~~~~~~~~~~~~~
compilation terminated.
configure:3070: $? = 1
configure: failed program was:
| /* confdefs.h */
| #define PACKAGE_NAME ""
| #define PACKAGE_TARNAME ""
| #define PACKAGE_VERSION ""
| #define PACKAGE_STRING ""
| #define PACKAGE_BUGREPORT ""
| #define PACKAGE_URL ""
| /* end confdefs.h.  */
| #include <ac_nonexistent.h>
configure:3095: result: gcc -E
configure:3115: gcc -E  conftest.c
configure:3115: $? = 0
configure:3129: gcc -E  conftest.c
conftest.c:9:10: fatal error: ac_nonexistent.h: No such file or directory
    9 | #include <ac_nonexistent.h>
      |          ^~~~~~~~~~~~~~~~~~
compilation terminated.
configure:3129: $? = 1
configure: failed program was:
| /* confdefs.h */
| #define PACKAGE_NAME ""
| #define PACKAGE_TARNAME ""
| #define PACKAGE_VERSION ""
| #define PACKAGE_STRING ""
| #define PACKAGE_BUGREPORT ""
| #define PACKAGE_URL ""
| /* end confdefs.h.  */
| #include <ac_nonexistent.h>
configure:3158: checking for grep that handles long lines and -e
configure:3216: result: /bin/grep
configure:3221: checking for egrep
configure:3283: result: /bin/grep -E
configure:3288: checking for ANSI C header files
configure:3308: gcc -c -g -O2  conftest.c >&5
configure:3308: $? = 0
configure:3381: gcc -o conftest -g -O2   conftest.c  >&5
configure:3381: $? = 0
configure:3381: ./conftest
configure:3381: $? = 0
configure:3392: result: yes
configure:3405: checking for sys/types.h
configure:3405: gcc -c -g -O2  conftest.c >&5
configure:3405: $? = 0
configure:3405: result: yes
configure:3405: checking for sys/stat.h
configure:3405: gcc -c -g -O2  conftest.c >&5
configure:3405: $? = 0
configure:3405: result: yes
configure:3405: checking for stdlib.h
configure:3405: gcc -c -g -O2  conftest.c >&5
configure:3405: $? = 0
configure:3405: result: yes
configure:3405: checking for string.h
configure:3405: gcc -c -g -O2  conftest.c >&5
configure:3405: $? = 0
configure:3405: result: yes
configure:3405: checking for memory.h
configure:3405: gcc -c -g -O2  conftest.c >&5
configure:3405: $? = 0
configure:3405: result: yes
configure:3405: checking for strings.h
configure:3405: gcc -c -g -O2  conftest.c >&5
configure:3405: $? = 0
configure:3405: result: yes
configure:3405: checking for inttypes.h
configure:3405: gcc -c -g -O2  conftest.c >&5
configure:3405: $? = 0
configure:3405: result: yes
configure:3405: checking for stdint.h
configure:3405: gcc -c -g -O2  conftest.c >&5
configure:3405: $? = 0
configure:3405: result: yes
configure:3405: checking for unistd.h
configure:3405: gcc -c -g -O2  conftest.c >&5
configure:3405: $? = 0
configure:3405: result: yes
configure:3417: checking whether byte ordering is bigendian
configure:3432: gcc -c -g -O2  conftest.c >&5
conftest.c:20:9: error: unknown type name 'not'
   20 |         not a universal capable compiler
      |         ^~~
conftest.c:20:15: error: expected '=', ',', ';', 'asm' or '__attribute__' before 'universal'
   20 |         not a universal capable compiler
      |               ^~~~~~~~~
conftest.c:20:15: error: unknown type name 'universal'
configure:3432: $? = 1
configure: failed program was:
| /* confdefs.h */
| #define PACKAGE_NAME ""
| #define PACKAGE_TARNAME ""
| #define PACKAGE_VERSION ""
| #define PACKAGE_STRING ""
| #define PACKAGE_BUGREPORT ""
| #define PACKAGE_URL ""
| #define STDC_HEADERS 1
| #define HAVE_SYS_TYPES_H 1
| #define HAVE_SYS_STAT_H 1
| #define HAVE_STDLIB_H 1
| #define HAVE_STRING_H 1
| #define HAVE_MEMORY_H 1
| #define HAVE_STRINGS_H 1
| #define HAVE_INTTYPES_H 1
| #define HAVE_STDINT_H 1
| #define HAVE_UNISTD_H 1
| /* end confdefs.h.  */
| #ifndef __APPLE_CC__
| 	       not a universal capable compiler
| 	     #endif
| 	     typedef int dummy;
| 
configure:3477: gcc -c -g -O2  conftest.c >&5
configure:3477: $? = 0
configure:3495: gcc -c -g -O2  conftest.c >&5
conftest.c: In function 'main':
conftest.c:26:4: error: unknown type name 'not'; did you mean 'ino_t'?
   26 |    not big endian
      |    ^~~
      |    ino_t
conftest.c:26:12: error: expected '=', ',', ';', 'asm' or '__attribute__' before 'endian'
   26 |    not big endian
      |            ^~~~~~
configure:3495: $? = 1
configure: failed program was:
| /* confdefs.h */
| #define PACKAGE_NAME ""
| #define PACKAGE_TARNAME ""
| #define PACKAGE_VERSION ""
| #define PACKAGE_STRING ""
| #define PACKAGE_BUGREPORT ""
| #define PACKAGE_URL ""
| #define STDC_HEADERS 1
| #define HAVE_SYS_TYPES_H 1
| #define HAVE_SYS_STAT_H 1
| #define HAVE_STDLIB_H 1
| #define HAVE_STRING_H 1
| #define HAVE_MEMORY_H 1
| #define HAVE_STRINGS_H 1
| #define HAVE_INTTYPES_H 1
| #define HAVE_STDINT_H 1
| #define HAVE_UNISTD_H 1
| /* end confdefs.h.  */
| #include <sys/types.h>
| 		#include <sys/param.h>
| 
| int
| main ()
| {
| #if BYTE_ORDER != BIG_ENDIAN
| 		 not big endian
| 		#endif
| 
|   ;
|   return 0;
| }
configure:3623: result: no
configure:3674: checking CPU type
configure:3745: checking Operating System
configure:3782: checking for main in -ldl
configure:3801: clang -o conftest -I . -g -DMDEBUG   conftest.c -ldl   >&5
configure:3801: $? = 0
configure:3810: result: yes
configure:3821: checking math.h usability
configure:3821: clang -c -I . -g -DMDEBUG  conftest.c >&5
configure:3821: $? = 0
configure:3821: result: yes
configure:3821: checking math.h presence
configure:3821: gcc -E  conftest.c
configure:3821: $? = 0
configure:3821: result: yes
configure:3821: checking for math.h
configure:3821: result: yes
configure:3828: checking for main in -lm
configure:3847: clang -o conftest -I . -g -DMDEBUG   conftest.c -lm   -ldl >&5
configure:3847: $? = 0
configure:3856: result: yes
configure:3863: checking iconv.h usability
configure:3863: clang -c -I . -g -DMDEBUG  conftest.c >&5
configure:3863: $? = 0
configure:3863: result: yes
configure:3863: checking iconv.h presence
configure:3863: gcc -E  conftest.c
configure:3863: $? = 0
configure:3863: result: yes
configure:3863: checking for iconv.h
configure:3863: result: yes
configure:3871: checking pcre.h usability
configure:3871: clang -c -I . -g -DMDEBUG  conftest.c >&5
configure:3871: $? = 0
configure:3871: result: yes
configure:3871: checking pcre.h presence
configure:3871: gcc -E  conftest.c
configure:3871: $? = 0
configure:3871: result: yes
configure:3871: checking for pcre.h
configure:3871: result: yes
configure:3878: checking for main in -lpcre
configure:3897: clang -o conftest -I . -g -DMDEBUG   conftest.c -lpcre   -ldl -lm >&5
configure:3897: $? = 0
configure:3906: result: yes
configure:3916: checking for main in -lgc
configure:3935: clang -o conftest -I . -g -DMDEBUG   conftest.c -lgc   -ldl -lm -lpcre >&5
configure:3935: $? = 0
configure:3944: result: yes
configure:3996: checking ncurses.h usability
configure:3996: clang -c -I . -g -DMDEBUG  conftest.c >&5
configure:3996: $? = 0
configure:3996: result: yes
configure:3996: checking ncurses.h presence
configure:3996: gcc -E  conftest.c
configure:3996: $? = 0
configure:3996: result: yes
configure:3996: checking for ncurses.h
configure:3996: result: yes
configure:4003: checking for main in -lncursesw
configure:4022: clang -o conftest -I . -g -DMDEBUG   conftest.c -lncursesw   -ldl -lm -lpcre -lgc >&5
configure:4022: $? = 0
configure:4031: result: yes
configure:4039: checking readline/readline.h usability
configure:4039: clang -c -I . -g -DMDEBUG  conftest.c >&5
conftest.c:57:10: fatal error: 'readline/readline.h' file not found
#include <readline/readline.h>
         ^~~~~~~~~~~~~~~~~~~~~
1 error generated.
configure:4039: $? = 1
configure: failed program was:
| /* confdefs.h */
| #define PACKAGE_NAME ""
| #define PACKAGE_TARNAME ""
| #define PACKAGE_VERSION ""
| #define PACKAGE_STRING ""
| #define PACKAGE_BUGREPORT ""
| #define PACKAGE_URL ""
| #define STDC_HEADERS 1
| #define HAVE_SYS_TYPES_H 1
| #define HAVE_SYS_STAT_H 1
| #define HAVE_STDLIB_H 1
| #define HAVE_STRING_H 1
| #define HAVE_MEMORY_H 1
| #define HAVE_STRINGS_H 1
| #define HAVE_INTTYPES_H 1
| #define HAVE_STDINT_H 1
| #define HAVE_UNISTD_H 1
| #define __64BIT_CPU__ 1
| #define HAVE_MATH_H 1
| #define HAVE_ICONV_H 1
| #define HAVE_PCRE_H 1
| #define HAVE_NCURSESW_H 1
| /* end confdefs.h.  */
| #include <stdio.h>
| #ifdef HAVE_SYS_TYPES_H
| # include <sys/types.h>
| #endif
| #ifdef HAVE_SYS_STAT_H
| # include <sys/stat.h>
| #endif
| #ifdef STDC_HEADERS
| # include <stdlib.h>
| # include <stddef.h>
| #else
| # ifdef HAVE_STDLIB_H
| #  include <stdlib.h>
| # endif
| #endif
| #ifdef HAVE_STRING_H
| # if !defined STDC_HEADERS && defined HAVE_MEMORY_H
| #  include <memory.h>
| # endif
| # include <string.h>
| #endif
| #ifdef HAVE_STRINGS_H
| # include <strings.h>
| #endif
| #ifdef HAVE_INTTYPES_H
| # include <inttypes.h>
| #endif
| #ifdef HAVE_STDINT_H
| # include <stdint.h>
| #endif
| #ifdef HAVE_UNISTD_H
| # include <unistd.h>
| #endif
| #include <readline/readline.h>
configure:4039: result: no
configure:4039: checking readline/readline.h presence
configure:4039: gcc -E  conftest.c
conftest.c:24:10: fatal error: readline/readline.h: No such file or directory
   24 | #include <readline/readline.h>
      |          ^~~~~~~~~~~~~~~~~~~~~
compilation terminated.
configure:4039: $? = 1
configure: failed program was:
| /* confdefs.h */
| #define PACKAGE_NAME ""
| #define PACKAGE_TARNAME ""
| #define PACKAGE_VERSION ""
| #define PACKAGE_STRING ""
| #define PACKAGE_BUGREPORT ""
| #define PACKAGE_URL ""
| #define STDC_HEADERS 1
| #define HAVE_SYS_TYPES_H 1
| #define HAVE_SYS_STAT_H 1
| #define HAVE_STDLIB_H 1
| #define HAVE_STRING_H 1
| #define HAVE_MEMORY_H 1
| #define HAVE_STRINGS_H 1
| #define HAVE_INTTYPES_H 1
| #define HAVE_STDINT_H 1
| #define HAVE_UNISTD_H 1
| #define __64BIT_CPU__ 1
| #define HAVE_MATH_H 1
| #define HAVE_ICONV_H 1
| #define HAVE_PCRE_H 1
| #define HAVE_NCURSESW_H 1
| /* end confdefs.h.  */
| #include <readline/readline.h>
configure:4039: result: no
configure:4039: checking for readline/readline.h
configure:4039: result: no
configure:4046: checking for main in -lreadline
configure:4065: clang -o conftest -I . -g -DMDEBUG   conftest.c -lreadline   -ldl -lm -lpcre -lgc -lncursesw >&5
/usr/bin/ld: cannot find -lreadline
clang-12: error: linker command failed with exit code 1 (use -v to see invocation)
configure:4065: $? = 1
configure: failed program was:
| /* confdefs.h */
| #define PACKAGE_NAME ""
| #define PACKAGE_TARNAME ""
| #define PACKAGE_VERSION ""
| #define PACKAGE_STRING ""
| #define PACKAGE_BUGREPORT ""
| #define PACKAGE_URL ""
| #define STDC_HEADERS 1
| #define HAVE_SYS_TYPES_H 1
| #define HAVE_SYS_STAT_H 1
| #define HAVE_STDLIB_H 1
| #define HAVE_STRING_H 1
| #define HAVE_MEMORY_H 1
| #define HAVE_STRINGS_H 1
| #define HAVE_INTTYPES_H 1
| #define HAVE_STDINT_H 1
| #define HAVE_UNISTD_H 1
| #define __64BIT_CPU__ 1
| #define HAVE_MATH_H 1
| #define HAVE_ICONV_H 1
| #define HAVE_PCRE_H 1
| #define HAVE_NCURSESW_H 1
| /* end confdefs.h.  */
| 
| 
| int
| main ()
| {
| return main ();
|   ;
|   return 0;
| }
configure:4074: result: no
configure:4082: checking for main in -lrt
configure:4101: clang -o conftest -I . -g -DMDEBUG   conftest.c -lrt   -ldl -lm -lpcre -lgc -lncursesw >&5
configure:4101: $? = 0
configure:4110: result: yes
configure:4118: checking pthread.h usability
configure:4118: clang -c -I . -g -DMDEBUG  conftest.c >&5
configure:4118: $? = 0
configure:4118: result: yes
configure:4118: checking pthread.h presence
configure:4118: gcc -E  conftest.c
configure:4118: $? = 0
configure:4118: result: yes
configure:4118: checking for pthread.h
configure:4118: result: yes
configure:4125: checking for main in -lpthread
configure:4144: clang -o conftest -I . -g -DMDEBUG   conftest.c -lpthread   -ldl -lm -lpcre -lgc -lncursesw -lrt >&5
configure:4144: $? = 0
configure:4153: result: yes
configure:4174: checking for lchmod
configure:4174: clang -o conftest -I . -g -DMDEBUG   conftest.c  -ldl -lm -lpcre -lgc -lncursesw -lrt -lpthread >&5
configure:4174: $? = 0
configure:4174: result: yes
configure:4185: checking for execvpe
configure:4185: clang -o conftest -I . -g -DMDEBUG   conftest.c  -ldl -lm -lpcre -lgc -lncursesw -lrt -lpthread >&5
configure:4185: $? = 0
configure:4185: result: yes
configure:4314: creating ./config.status

## ---------------------- ##
## Running config.status. ##
## ---------------------- ##

This file was extended by config.status, which was
generated by GNU Autoconf 2.69.  Invocation command line was

  CONFIG_FILES    = 
  CONFIG_HEADERS  = 
  CONFIG_LINKS    = 
  CONFIG_COMMANDS = 
  $ ./config.status 

on localhost

config.status:814: creating Makefile
config.status:814: creating config.h

## ---------------- ##
## Cache variables. ##
## ---------------- ##

ac_cv_c_bigendian='no'
ac_cv_c_compiler_gnu='yes'
ac_cv_env_CC_set=''
ac_cv_env_CC_value=''
ac_cv_env_CFLAGS_set=''
ac_cv_env_CFLAGS_value=''
ac_cv_env_CPPFLAGS_set=''
ac_cv_env_CPPFLAGS_value=''
ac_cv_env_CPP_set=''
ac_cv_env_CPP_value=''
ac_cv_env_LDFLAGS_set=''
ac_cv_env_LDFLAGS_value=''
ac_cv_env_LIBS_set=''
ac_cv_env_LIBS_value=''
ac_cv_env_build_alias_set=''
ac_cv_env_build_alias_value=''
ac_cv_env_host_alias_set=''
ac_cv_env_host_alias_value=''
ac_cv_env_target_alias_set=''
ac_cv_env_target_alias_value=''
ac_cv_func_execvpe='yes'
ac_cv_func_lchmod='yes'
ac_cv_header_iconv_h='yes'
ac_cv_header_inttypes_h='yes'
ac_cv_header_math_h='yes'
ac_cv_header_memory_h='yes'
ac_cv_header_ncurses_h='yes'
ac_cv_header_pcre_h='yes'
ac_cv_header_pthread_h='yes'
ac_cv_header_readline_readline_h='no'
ac_cv_header_stdc='yes'
ac_cv_header_stdint_h='yes'
ac_cv_header_stdlib_h='yes'
ac_cv_header_string_h='yes'
ac_cv_header_strings_h='yes'
ac_cv_header_sys_stat_h='yes'
ac_cv_header_sys_types_h='yes'
ac_cv_header_unistd_h='yes'
ac_cv_lib_dl='ac_cv_lib_dl_main'
ac_cv_lib_dl_main='yes'
ac_cv_lib_gc='ac_cv_lib_gc_main'
ac_cv_lib_gc_main='yes'
ac_cv_lib_m='ac_cv_lib_m_main'
ac_cv_lib_m_main='yes'
ac_cv_lib_ncursesw='ac_cv_lib_ncursesw_main'
ac_cv_lib_ncursesw_main='yes'
ac_cv_lib_pcre='ac_cv_lib_pcre_main'
ac_cv_lib_pcre_main='yes'
ac_cv_lib_pthread='ac_cv_lib_pthread_main'
ac_cv_lib_pthread_main='yes'
ac_cv_lib_readline='ac_cv_lib_readline_main'
ac_cv_lib_readline_main='no'
ac_cv_lib_rt='ac_cv_lib_rt_main'
ac_cv_lib_rt_main='yes'
ac_cv_objext='o'
ac_cv_path_EGREP='/bin/grep -E'
ac_cv_path_GREP='/bin/grep'
ac_cv_path_install='/usr/bin/install -c'
ac_cv_prog_CPP='gcc -E'
ac_cv_prog_ac_ct_CC='gcc'
ac_cv_prog_cc_c89=''
ac_cv_prog_cc_g='yes'

## ----------------- ##
## Output variables. ##
## ----------------- ##

CC='clang'
CFLAGS='-I . -g -DMDEBUG'
CPP='gcc -E'
CPPFLAGS=''
DEFS='-DHAVE_CONFIG_H'
DESTDIR='/usr/local'
ECHO_C=''
ECHO_N='-n'
ECHO_T=''
EGREP='/bin/grep -E'
EXEEXT=''
GREP='/bin/grep'
INSTALL_DATA='${INSTALL} -m 644'
INSTALL_PROGRAM='${INSTALL}'
INSTALL_SCRIPT='${INSTALL}'
LDFLAGS=''
LIBOBJS=''
LIBS=' -ldl -lm -lpcre -lgc -lncursesw -lrt -lpthread'
LTLIBOBJS=''
NCC=''
NCFLAGS='-I . -I src'
OBJEXT='o'
OS=''
PACKAGE_BUGREPORT=''
PACKAGE_NAME=''
PACKAGE_STRING=''
PACKAGE_TARNAME=''
PACKAGE_URL=''
PACKAGE_VERSION=''
PATH_SEPARATOR=':'
SHELL='/bin/sh'
ac_ct_CC='gcc'
bindir='${exec_prefix}/bin'
build_alias=''
datadir='${datarootdir}'
datarootdir='${prefix}/share'
docdir='${datarootdir}/doc/${PACKAGE}'
dvidir='${docdir}'
exec_prefix='${prefix}'
host_alias=''
htmldir='${docdir}'
includedir='${prefix}/include'
infodir='${datarootdir}/info'
libdir='${exec_prefix}/lib'
libexecdir='${exec_prefix}/libexec'
localedir='${datarootdir}/locale'
localstatedir='${prefix}/var'
mandir='${datarootdir}/man'
oldincludedir='/usr/include'
pdfdir='${docdir}'
prefix='/usr/local'
program_transform_name='s,x,x,'
psdir='${docdir}'
runstatedir='${localstatedir}/run'
sbindir='${exec_prefix}/sbin'
sharedstatedir='${prefix}/com'
sysconfdir='${prefix}/etc'
target_alias=''

## ----------- ##
## confdefs.h. ##
## ----------- ##

/* confdefs.h */
#define PACKAGE_NAME ""
#define PACKAGE_TARNAME ""
#define PACKAGE_VERSION ""
#define PACKAGE_STRING ""
#define PACKAGE_BUGREPORT ""
#define PACKAGE_URL ""
#define STDC_HEADERS 1
#define HAVE_SYS_TYPES_H 1
#define HAVE_SYS_STAT_H 1
#define HAVE_STDLIB_H 1
#define HAVE_STRING_H 1
#define HAVE_MEMORY_H 1
#define HAVE_STRINGS_H 1
#define HAVE_INTTYPES_H 1
#define HAVE_STDINT_H 1
#define HAVE_UNISTD_H 1
#define __64BIT_CPU__ 1
#define HAVE_MATH_H 1
#define HAVE_ICONV_H 1
#define HAVE_PCRE_H 1
#define HAVE_NCURSESW_H 1
#define HAVE_PTHREAD_H 1
#define HAVE_LCHMOD 1
#define HAVE_EXECVPE 1

configure: exit 0
